Using pre-set license
Built from '2021.3/staging' branch; Version is '2021.3.19f1 (c9714fde33b6) revision 13201743'; Using compiler version '192829333'; Build Type 'Release'
OS: 'Windows 11  (10.0.22000) 64bit Core' Language: 'en' Physical Memory: 8111 MB
BatchMode: 1, IsHumanControllingUs: 0, StartBugReporterOnCrash: 0, Is64bit: 1, IsPro: 1

COMMAND LINE ARGUMENTS:
C:\Program Files\Unity\Hub\Editor\2021.3.19f1\Editor\Unity.exe
-adb2
-batchMode
-noUpm
-name
AssetImportWorker3
-projectPath
D:/GitHub Projects/VR-Bioprinting-Research-Project/VR-Bioprinting-Research-Project
-logFile
Logs/AssetImportWorker3.log
-srvPort
59272
Successfully changed project path to: D:/GitHub Projects/VR-Bioprinting-Research-Project/VR-Bioprinting-Research-Project
D:/GitHub Projects/VR-Bioprinting-Research-Project/VR-Bioprinting-Research-Project
[UnityMemory] Configuration Parameters - Can be set up in boot.config
    "memorysetup-bucket-allocator-granularity=16"
    "memorysetup-bucket-allocator-bucket-count=8"
    "memorysetup-bucket-allocator-block-size=33554432"
    "memorysetup-bucket-allocator-block-count=8"
    "memorysetup-main-allocator-block-size=16777216"
    "memorysetup-thread-allocator-block-size=16777216"
    "memorysetup-gfx-main-allocator-block-size=16777216"
    "memorysetup-gfx-thread-allocator-block-size=16777216"
    "memorysetup-cache-allocator-block-size=4194304"
    "memorysetup-typetree-allocator-block-size=2097152"
    "memorysetup-profiler-bucket-allocator-granularity=16"
    "memorysetup-profiler-bucket-allocator-bucket-count=8"
    "memorysetup-profiler-bucket-allocator-block-size=33554432"
    "memorysetup-profiler-bucket-allocator-block-count=8"
    "memorysetup-profiler-allocator-block-size=16777216"
    "memorysetup-profiler-editor-allocator-block-size=1048576"
    "memorysetup-temp-allocator-size-main=16777216"
    "memorysetup-job-temp-allocator-block-size=2097152"
    "memorysetup-job-temp-allocator-block-size-background=1048576"
    "memorysetup-job-temp-allocator-reduction-small-platforms=262144"
    "memorysetup-temp-allocator-size-background-worker=32768"
    "memorysetup-temp-allocator-size-job-worker=262144"
    "memorysetup-temp-allocator-size-preload-manager=33554432"
    "memorysetup-temp-allocator-size-nav-mesh-worker=65536"
    "memorysetup-temp-allocator-size-audio-worker=65536"
    "memorysetup-temp-allocator-size-cloud-worker=32768"
    "memorysetup-temp-allocator-size-gi-baking-worker=262144"
    "memorysetup-temp-allocator-size-gfx=262144"
Player connection [6064] Host "[IP] 192.168.24.1 [Port] 0 [Flags] 2 [Guid] 2632171854 [EditorId] 2632171854 [Version] 1048832 [Id] WindowsEditor(7,DESKTOP-G7GTII7) [Debug] 1 [PackageName] WindowsEditor [ProjectName] Editor" joined multi-casting on [225.0.0.222:54997]...

Player connection [6064] Host "[IP] 192.168.24.1 [Port] 0 [Flags] 2 [Guid] 2632171854 [EditorId] 2632171854 [Version] 1048832 [Id] WindowsEditor(7,DESKTOP-G7GTII7) [Debug] 1 [PackageName] WindowsEditor [ProjectName] Editor" joined alternative multi-casting on [225.0.0.222:34997]...

Refreshing native plugins compatible for Editor in 166.57 ms, found 14 plugins.
Preloading 1 native plugins for Editor in 0.89 ms.
Initialize engine version: 2021.3.19f1 (c9714fde33b6)
[Subsystems] Discovering subsystems at path C:/Program Files/Unity/Hub/Editor/2021.3.19f1/Editor/Data/Resources/UnitySubsystems
[Subsystems] Discovering subsystems at path D:/GitHub Projects/VR-Bioprinting-Research-Project/VR-Bioprinting-Research-Project/Assets
GfxDevice: creating device client; threaded=0; jobified=0
Direct3D:
    Version:  Direct3D 11.0 [level 11.1]
    Renderer: NVIDIA GeForce GTX 1660 Ti (ID=0x2182)
    Vendor:   NVIDIA
    VRAM:     5979 MB
    Driver:   31.0.15.2756
Shader 'Oculus/OVRMRCameraFrameLit': fallback shader 'Alpha-Diffuse' not found
Initialize mono
Mono path[0] = 'C:/Program Files/Unity/Hub/Editor/2021.3.19f1/Editor/Data/Managed'
Mono path[1] = 'C:/Program Files/Unity/Hub/Editor/2021.3.19f1/Editor/Data/MonoBleedingEdge/lib/mono/unityjit-win32'
Mono config path = 'C:/Program Files/Unity/Hub/Editor/2021.3.19f1/Editor/Data/MonoBleedingEdge/etc'
Using monoOptions --debugger-agent=transport=dt_socket,embedding=1,server=y,suspend=n,address=127.0.0.1:56764
Begin MonoManager ReloadAssembly
Registering precompiled unity dll's ...
Register platform support module: C:/Program Files/Unity/Hub/Editor/2021.3.19f1/Editor/Data/PlaybackEngines/WebGLSupport/UnityEditor.WebGL.Extensions.dll
Register platform support module: C:/Program Files/Unity/Hub/Editor/2021.3.19f1/Editor/Data/PlaybackEngines/AndroidPlayer/UnityEditor.Android.Extensions.dll
Register platform support module: C:/Program Files/Unity/Hub/Editor/2021.3.19f1/Editor/Data/PlaybackEngines/iOSSupport/UnityEditor.iOS.Extensions.dll
Register platform support module: C:/Program Files/Unity/Hub/Editor/2021.3.19f1/Editor/Data/PlaybackEngines/WindowsStandaloneSupport/UnityEditor.WindowsStandalone.Extensions.dll
Registered in 0.006798 seconds.
Native extension for WindowsStandalone target not found
[usbmuxd] Start listen thread
[usbmuxd] Listen thread started
Native extension for iOS target not found
Native extension for Android target not found
Android SDK Build-tools component is not found. Make sure all tools are installed in the SDK manager. Latest supported build-tools version is 30.0.3
UnityEngine.StackTraceUtility:ExtractStackTrace ()
UnityEngine.DebugLogHandler:LogFormat (UnityEngine.LogType,UnityEngine.Object,string,object[])
UnityEngine.Logger:Log (UnityEngine.LogType,object)
UnityEngine.Debug:LogError (object)
UnityEditor.Android.AndroidSDKTools:UpdateToolsDirectories ()
UnityEditor.Android.AndroidSDKTools:.ctor (string)
UnityEditor.Android.AndroidSDKTools:CreateAndroidSDKTools (string)
UnityEditor.Android.AndroidSDKTools:GetInstance<UnityEditor.Android.AndroidSDKTools> (UnityEditor.Android.AndroidSDKTools/InstanceCreator)
UnityEditor.Android.AndroidSDKTools:GetInstance ()
UnityEditor.Android.AndroidDeploymentTargetsExtension:GetMainThreadContext (bool)
UnityEditor.Android.TargetExtension:OnUsbDevicesChanged (UnityEditor.Hardware.UsbDevice[])
UnityEditor.Android.TargetExtension:OnLoad ()
UnityEditor.Modules.ModuleManager:InitializePlatformSupportModules ()

Android Extension - Scanning For ADB Devices 266 ms
Native extension for WebGL target not found
Refreshing native plugins compatible for Editor in 155.18 ms, found 14 plugins.
Preloading 1 native plugins for Editor in 0.05 ms.
Mono: successfully reloaded assembly
- Completed reload, in  1.047 seconds
Domain Reload Profiling:
	ReloadAssembly (1048ms)
		BeginReloadAssembly (70ms)
			ExecutionOrderSort (0ms)
			DisableScriptedObjects (0ms)
			BackupInstance (0ms)
			ReleaseScriptingObjects (0ms)
			CreateAndSetChildDomain (1ms)
		EndReloadAssembly (860ms)
			LoadAssemblies (69ms)
			RebuildTransferFunctionScriptingTraits (0ms)
			SetupTypeCache (120ms)
			ReleaseScriptCaches (0ms)
			RebuildScriptCaches (30ms)
			SetupLoadedEditorAssemblies (651ms)
				LogAssemblyErrors (0ms)
				InitializePlatformSupportModulesInManaged (363ms)
				SetLoadedEditorAssemblies (0ms)
				RefreshPlugins (155ms)
				BeforeProcessingInitializeOnLoad (1ms)
				ProcessInitializeOnLoadAttributes (87ms)
				ProcessInitializeOnLoadMethodAttributes (44ms)
				AfterProcessingInitializeOnLoad (0ms)
				EditorAssembliesLoaded (0ms)
			ExecutionOrderSort2 (0ms)
			AwakeInstancesAfterBackupRestoration (0ms)
Platform modules already initialized, skipping
Registering precompiled user dll's ...
Registered in 0.007509 seconds.
Begin MonoManager ReloadAssembly
Symbol file LoadedFromMemory doesn't match image D:\GitHub Projects\VR-Bioprinting-Research-Project\VR-Bioprinting-Research-Project\Library\PackageCache\com.unity.visualscripting@1.8.0\Editor\VisualScripting.Core\Dependencies\DotNetZip\Unity.VisualScripting.IonicZip.dll
Symbol file LoadedFromMemory doesn't match image D:\GitHub Projects\VR-Bioprinting-Research-Project\VR-Bioprinting-Research-Project\Library\PackageCache\com.unity.visualscripting@1.8.0\Editor\VisualScripting.Core\Dependencies\YamlDotNet\Unity.VisualScripting.YamlDotNet.dll
Native extension for WindowsStandalone target not found
Native extension for iOS target not found
Native extension for Android target not found
Native extension for WebGL target not found
Refreshing native plugins compatible for Editor in 160.70 ms, found 14 plugins.
Preloading 1 native plugins for Editor in 0.06 ms.
Package Manager log level set to [2]
System.Reflection.TargetInvocationException: Exception has been thrown by the target of an invocation. ---> System.NullReferenceException: Object reference not set to an instance of an object
  at Unity.XR.Oculus.OculusLoader.AssetPathToAbsolutePath (System.String assetPath) [0x0003d] in D:\GitHub Projects\VR-Bioprinting-Research-Project\VR-Bioprinting-Research-Project\Library\PackageCache\com.unity.xr.oculus@3.2.2\Runtime\OculusLoader.cs:296 
  at Unity.XR.Oculus.OculusLoader.EditorLoadOVRPlugin () [0x0007b] in D:\GitHub Projects\VR-Bioprinting-Research-Project\VR-Bioprinting-Research-Project\Library\PackageCache\com.unity.xr.oculus@3.2.2\Runtime\OculusLoader.cs:281 
  at (wrapper managed-to-native) System.Reflection.RuntimeMethodInfo.InternalInvoke(System.Reflection.RuntimeMethodInfo,object,object[],System.Exception&)
  at System.Reflection.RuntimeMethodInfo.Invoke (System.Object obj, System.Reflection.BindingFlags invokeAttr, System.Reflection.Binder binder, System.Object[] parameters, System.Globalization.CultureInfo culture) [0x0006a] in <03bd9b261dff4c2b8b568aca27f561b2>:0 
   --- End of inner exception stack trace ---
  at System.Reflection.RuntimeMethodInfo.Invoke (System.Object obj, System.Reflection.BindingFlags invokeAttr, System.Reflection.Binder binder, System.Object[] parameters, System.Globalization.CultureInfo culture) [0x00083] in <03bd9b261dff4c2b8b568aca27f561b2>:0 
  at System.Reflection.MethodBase.Invoke (System.Object obj, System.Object[] parameters) [0x00000] in <03bd9b261dff4c2b8b568aca27f561b2>:0 
  at UnityEditor.EditorAssemblies.ProcessInitializeOnLoadMethodAttributes () [0x000a5] in <7fef092428a04dc89d2aa6ad3ce5d856>:0 
UnityEngine.StackTraceUtility:ExtractStackTrace ()
UnityEngine.DebugLogHandler:LogFormat (UnityEngine.LogType,UnityEngine.Object,string,object[])
UnityEngine.Logger:Log (UnityEngine.LogType,object)
UnityEngine.Debug:LogError (object)
UnityEditor.EditorAssemblies:ProcessInitializeOnLoadMethodAttributes ()

Mono: successfully reloaded assembly
- Completed reload, in  1.976 seconds
Domain Reload Profiling:
	ReloadAssembly (1977ms)
		BeginReloadAssembly (110ms)
			ExecutionOrderSort (0ms)
			DisableScriptedObjects (6ms)
			BackupInstance (0ms)
			ReleaseScriptingObjects (0ms)
			CreateAndSetChildDomain (22ms)
		EndReloadAssembly (1737ms)
			LoadAssemblies (103ms)
			RebuildTransferFunctionScriptingTraits (0ms)
			SetupTypeCache (353ms)
			ReleaseScriptCaches (1ms)
			RebuildScriptCaches (105ms)
			SetupLoadedEditorAssemblies (1097ms)
				LogAssemblyErrors (0ms)
				InitializePlatformSupportModulesInManaged (26ms)
				SetLoadedEditorAssemblies (0ms)
				RefreshPlugins (161ms)
				BeforeProcessingInitializeOnLoad (138ms)
				ProcessInitializeOnLoadAttributes (673ms)
				ProcessInitializeOnLoadMethodAttributes (92ms)
				AfterProcessingInitializeOnLoad (7ms)
				EditorAssembliesLoaded (1ms)
			ExecutionOrderSort2 (0ms)
			AwakeInstancesAfterBackupRestoration (7ms)
Platform modules already initialized, skipping
========================================================================
Worker process is ready to serve import requests
Shader 'Oculus/OVRMRCameraFrameLit': fallback shader 'Alpha-Diffuse' not found
Launched and connected shader compiler UnityShaderCompiler.exe after 0.06 seconds
Refreshing native plugins compatible for Editor in 3.02 ms, found 14 plugins.
Preloading 1 native plugins for Editor in 0.09 ms.
Unloading 6998 Unused Serialized files (Serialized files now loaded: 0)
Unloading 89 unused Assets / (1.1 MB). Loaded Objects now: 7421.
Memory consumption went from 287.1 MB to 286.0 MB.
Total: 5.999200 ms (FindLiveObjects: 0.711600 ms CreateObjectMapping: 0.595800 ms MarkObjects: 3.986000 ms  DeleteObjects: 0.703900 ms)

AssetImportParameters requested are different than current active one (requested -> active):
  custom:video-decoder-ogg-theora: a1e56fd34408186e4bbccfd4996cb3dc -> 
  custom:container-muxer-webm: aa71ff27fc2769a1b78a27578f13a17b -> 
  custom:container-demuxer-webm: 4f35f7cbe854078d1ac9338744f61a02 -> 
  custom:video-encoder-webm-vp8: eb34c28f22e8b96e1ab97ce403110664 -> 
  custom:video-codec-MediaFoundation-h265: 746d11721c4dcdbdad8f713fa42b33f4 -> 
  custom:audio-encoder-webm-vorbis: bf7c407c2cedff20999df2af8eb42d56 -> 
  custom:framework-win-MediaFoundation: 216162199b28c13a410421893ffa2e32 -> 
  custom:container-demuxer-ogg: 62fdf1f143b41e24485cea50d1cbac27 -> 
  custom:video-decoder-webm-vp8: 9c59270c3fd7afecdb556c50c9e8de78 -> 
  custom:audio-decoder-ogg-vorbis: bf7c407c2cedff20999df2af8eb42d56 -> 
========================================================================
Received Import Request.
  Time since last request: 2474.721161 seconds.
  path: Assets/Scenes/Main Menu.unity
  artifactKey: Guid(86a435352f489e643bca11321119648a) Importer(815301076,1909f56bfc062723c751e8b465ee728b)
Start importing Assets/Scenes/Main Menu.unity using Guid(86a435352f489e643bca11321119648a) Importer(815301076,1909f56bfc062723c751e8b465ee728b)  -> (artifact id: 'bf8b2ecedb49890831d4633f9fef33bc') in 0.021964 seconds 
========================================================================
Received Import Request.
  Time since last request: 22.559795 seconds.
  path: Assets/terrain_normal.png
  artifactKey: Guid(d1dde4643a6282c409d31d5fb5865bb2) Importer(815301076,1909f56bfc062723c751e8b465ee728b)
Start importing Assets/terrain_normal.png using Guid(d1dde4643a6282c409d31d5fb5865bb2) Importer(815301076,1909f56bfc062723c751e8b465ee728b)  -> (artifact id: '44cc008e0c52c4dae6c9baf61c1f2892') in 0.115728 seconds 
========================================================================
Received Import Request.
  Time since last request: 22.345533 seconds.
  path: Assets/Material/Terrain
  artifactKey: Guid(b1c736cb424efbe459912983ea5a6e73) Importer(815301076,1909f56bfc062723c751e8b465ee728b)
Start importing Assets/Material/Terrain using Guid(b1c736cb424efbe459912983ea5a6e73) Importer(815301076,1909f56bfc062723c751e8b465ee728b)  -> (artifact id: '271ba0a88026f0c593146502cb455826') in 0.008813 seconds 
========================================================================
Received Import Request.
  Time since last request: 1.837323 seconds.
  path: Assets/terrain.fbx
  artifactKey: Guid(e606c0c783af30d4e8db71272df81205) Importer(815301076,1909f56bfc062723c751e8b465ee728b)
Start importing Assets/terrain.fbx using Guid(e606c0c783af30d4e8db71272df81205) Importer(815301076,1909f56bfc062723c751e8b465ee728b)  -> (artifact id: 'a91411cd50e44738a60679e1f641ed49') in 0.584430 seconds 
========================================================================
Received Import Request.
  Time since last request: 17.760913 seconds.
  path: Assets/Material/DeepSpaceSkyboxPack
  artifactKey: Guid(c61c1df1f43c45946b88473c3cf2c907) Importer(815301076,1909f56bfc062723c751e8b465ee728b)
Start importing Assets/Material/DeepSpaceSkyboxPack using Guid(c61c1df1f43c45946b88473c3cf2c907) Importer(815301076,1909f56bfc062723c751e8b465ee728b)  -> (artifact id: '18d4f459797542065d805fc1a703b46c') in 0.006510 seconds 
========================================================================
Received Import Request.
  Time since last request: 18.640951 seconds.
  path: Assets/Oculus Stuff
  artifactKey: Guid(4fde65efc62e1e741a208196af463a11) Importer(815301076,1909f56bfc062723c751e8b465ee728b)
Start importing Assets/Oculus Stuff using Guid(4fde65efc62e1e741a208196af463a11) Importer(815301076,1909f56bfc062723c751e8b465ee728b)  -> (artifact id: '2d18cc0dfe1b3ebac52e193b87e322c5') in 0.007004 seconds 
========================================================================
Received Prepare
Registering precompiled user dll's ...
Registered in 0.007426 seconds.
ArgumentException: An item with the same key has already been added. Key: 00000000000000000000000000000000
  at System.Collections.Generic.Dictionary`2[TKey,TValue].TryInsert (TKey key, TValue value, System.Collections.Generic.InsertionBehavior behavior) [0x0015a] in <03bd9b261dff4c2b8b568aca27f561b2>:0 
  at System.Collections.Generic.Dictionary`2[TKey,TValue].Add (TKey key, TValue value) [0x00000] in <03bd9b261dff4c2b8b568aca27f561b2>:0 
  at System.Linq.Enumerable.ToDictionary[TSource,TKey] (TSource[] source, System.Func`2[T,TResult] keySelector, System.Collections.Generic.IEqualityComparer`1[T] comparer) [0x0001c] in <4d1f27d5adf942acb04444fee22824ee>:0 
  at System.Linq.Enumerable.ToDictionary[TSource,TKey] (System.Collections.Generic.IEnumerable`1[T] source, System.Func`2[T,TResult] keySelector, System.Collections.Generic.IEqualityComparer`1[T] comparer) [0x00043] in <4d1f27d5adf942acb04444fee22824ee>:0 
  at System.Linq.Enumerable.ToDictionary[TSource,TKey] (System.Collections.Generic.IEnumerable`1[T] source, System.Func`2[T,TResult] keySelector) [0x00000] in <4d1f27d5adf942acb04444fee22824ee>:0 
  at UnityEditor.Scripting.ScriptCompilation.LoadingAssemblyDefinition.SetAllCustomScriptAssemblyReferenceJsonsContents (System.String[] paths, System.String[] contents) [0x00172] in <7fef092428a04dc89d2aa6ad3ce5d856>:0 
UnityEngine.DebugLogHandler:Internal_LogException(Exception, Object)
UnityEngine.DebugLogHandler:LogException(Exception, Object)
UnityEngine.Logger:LogException(Exception, Object)
UnityEngine.Debug:LogException(Exception)
UnityEditor.Scripting.ScriptCompilation.EditorCompilationInterface:LogException(Exception)
UnityEditor.Scripting.ScriptCompilation.EditorCompilationInterface:EmitExceptionsAsErrors(Exception[])
UnityEditor.Scripting.ScriptCompilation.EditorCompilationInterface:SetAllCustomScriptAssemblyReferenceJsons(String[], String[])

ArgumentException: An item with the same key has already been added. Key: 00000000000000000000000000000000
  at System.Collections.Generic.Dictionary`2[TKey,TValue].TryInsert (TKey key, TValue value, System.Collections.Generic.InsertionBehavior behavior) [0x0015a] in <03bd9b261dff4c2b8b568aca27f561b2>:0 
  at System.Collections.Generic.Dictionary`2[TKey,TValue].Add (TKey key, TValue value) [0x00000] in <03bd9b261dff4c2b8b568aca27f561b2>:0 
  at System.Linq.Enumerable.ToDictionary[TSource,TKey] (TSource[] source, System.Func`2[T,TResult] keySelector, System.Collections.Generic.IEqualityComparer`1[T] comparer) [0x0001c] in <4d1f27d5adf942acb04444fee22824ee>:0 
  at System.Linq.Enumerable.ToDictionary[TSource,TKey] (System.Collections.Generic.IEnumerable`1[T] source, System.Func`2[T,TResult] keySelector, System.Collections.Generic.IEqualityComparer`1[T] comparer) [0x00043] in <4d1f27d5adf942acb04444fee22824ee>:0 
  at System.Linq.Enumerable.ToDictionary[TSource,TKey] (System.Collections.Generic.IEnumerable`1[T] source, System.Func`2[T,TResult] keySelector) [0x00000] in <4d1f27d5adf942acb04444fee22824ee>:0 
  at UnityEditor.Scripting.ScriptCompilation.LoadingAssemblyDefinition.SetAllCustomScriptAssemblyReferenceJsonsContents (System.String[] paths, System.String[] contents) [0x00172] in <7fef092428a04dc89d2aa6ad3ce5d856>:0 
UnityEngine.DebugLogHandler:Internal_LogException(Exception, Object)
UnityEngine.DebugLogHandler:LogException(Exception, Object)
UnityEngine.Logger:LogException(Exception, Object)
UnityEngine.Debug:LogException(Exception)
UnityEditor.Scripting.ScriptCompilation.EditorCompilationInterface:LogException(Exception)
UnityEditor.Scripting.ScriptCompilation.EditorCompilationInterface:EmitExceptionsAsErrors(Exception[])
UnityEditor.Scripting.ScriptCompilation.EditorCompilationInterface:SetAllCustomScriptAssemblyReferenceJsons(String[], String[])

ArgumentException: An item with the same key has already been added. Key: 00000000000000000000000000000000
  at System.Collections.Generic.Dictionary`2[TKey,TValue].TryInsert (TKey key, TValue value, System.Collections.Generic.InsertionBehavior behavior) [0x0015a] in <03bd9b261dff4c2b8b568aca27f561b2>:0 
  at System.Collections.Generic.Dictionary`2[TKey,TValue].Add (TKey key, TValue value) [0x00000] in <03bd9b261dff4c2b8b568aca27f561b2>:0 
  at System.Linq.Enumerable.ToDictionary[TSource,TKey] (TSource[] source, System.Func`2[T,TResult] keySelector, System.Collections.Generic.IEqualityComparer`1[T] comparer) [0x0001c] in <4d1f27d5adf942acb04444fee22824ee>:0 
  at System.Linq.Enumerable.ToDictionary[TSource,TKey] (System.Collections.Generic.IEnumerable`1[T] source, System.Func`2[T,TResult] keySelector, System.Collections.Generic.IEqualityComparer`1[T] comparer) [0x00043] in <4d1f27d5adf942acb04444fee22824ee>:0 
  at System.Linq.Enumerable.ToDictionary[TSource,TKey] (System.Collections.Generic.IEnumerable`1[T] source, System.Func`2[T,TResult] keySelector) [0x00000] in <4d1f27d5adf942acb04444fee22824ee>:0 
  at UnityEditor.Scripting.ScriptCompilation.LoadingAssemblyDefinition.SetAllCustomScriptAssemblyReferenceJsonsContents (System.String[] paths, System.String[] contents) [0x00172] in <7fef092428a04dc89d2aa6ad3ce5d856>:0 
UnityEngine.DebugLogHandler:Internal_LogException(Exception, Object)
UnityEngine.DebugLogHandler:LogException(Exception, Object)
UnityEngine.Logger:LogException(Exception, Object)
UnityEngine.Debug:LogException(Exception)
UnityEditor.Scripting.ScriptCompilation.EditorCompilationInterface:LogException(Exception)
UnityEditor.Scripting.ScriptCompilation.EditorCompilationInterface:EmitExceptionsAsErrors(Exception[])
UnityEditor.Scripting.ScriptCompilation.EditorCompilationInterface:SetAllCustomScriptAssemblyReferenceJsons(String[], String[])

ArgumentException: An item with the same key has already been added. Key: 00000000000000000000000000000000
  at System.Collections.Generic.Dictionary`2[TKey,TValue].TryInsert (TKey key, TValue value, System.Collections.Generic.InsertionBehavior behavior) [0x0015a] in <03bd9b261dff4c2b8b568aca27f561b2>:0 
  at System.Collections.Generic.Dictionary`2[TKey,TValue].Add (TKey key, TValue value) [0x00000] in <03bd9b261dff4c2b8b568aca27f561b2>:0 
  at System.Linq.Enumerable.ToDictionary[TSource,TKey] (TSource[] source, System.Func`2[T,TResult] keySelector, System.Collections.Generic.IEqualityComparer`1[T] comparer) [0x0001c] in <4d1f27d5adf942acb04444fee22824ee>:0 
  at System.Linq.Enumerable.ToDictionary[TSource,TKey] (System.Collections.Generic.IEnumerable`1[T] source, System.Func`2[T,TResult] keySelector, System.Collections.Generic.IEqualityComparer`1[T] comparer) [0x00043] in <4d1f27d5adf942acb04444fee22824ee>:0 
  at System.Linq.Enumerable.ToDictionary[TSource,TKey] (System.Collections.Generic.IEnumerable`1[T] source, System.Func`2[T,TResult] keySelector) [0x00000] in <4d1f27d5adf942acb04444fee22824ee>:0 
  at UnityEditor.Scripting.ScriptCompilation.LoadingAssemblyDefinition.SetAllCustomScriptAssemblyReferenceJsonsContents (System.String[] paths, System.String[] contents) [0x00172] in <7fef092428a04dc89d2aa6ad3ce5d856>:0 
UnityEngine.DebugLogHandler:Internal_LogException(Exception, Object)
UnityEngine.DebugLogHandler:LogException(Exception, Object)
UnityEngine.Logger:LogException(Exception, Object)
UnityEngine.Debug:LogException(Exception)
UnityEditor.Scripting.ScriptCompilation.EditorCompilationInterface:LogException(Exception)
UnityEditor.Scripting.ScriptCompilation.EditorCompilationInterface:EmitExceptionsAsErrors(Exception[])
UnityEditor.Scripting.ScriptCompilation.EditorCompilationInterface:SetAllCustomScriptAssemblyReferenceJsons(String[], String[])

Begin MonoManager ReloadAssembly
Symbol file LoadedFromMemory doesn't match image D:\GitHub Projects\VR-Bioprinting-Research-Project\VR-Bioprinting-Research-Project\Library\PackageCache\com.unity.visualscripting@1.8.0\Editor\VisualScripting.Core\Dependencies\DotNetZip\Unity.VisualScripting.IonicZip.dll
Symbol file LoadedFromMemory doesn't match image D:\GitHub Projects\VR-Bioprinting-Research-Project\VR-Bioprinting-Research-Project\Library\PackageCache\com.unity.visualscripting@1.8.0\Editor\VisualScripting.Core\Dependencies\YamlDotNet\Unity.VisualScripting.YamlDotNet.dll
Native extension for WindowsStandalone target not found
Native extension for iOS target not found
Native extension for Android target not found
Native extension for WebGL target not found
Refreshing native plugins compatible for Editor in 20.60 ms, found 14 plugins.
Preloading 1 native plugins for Editor in 0.09 ms.
Assembly with name 'AssistantCoreSDKEditor' already exists (Assets/Oculus Stuff/Oculus/Voice/Lib/PlatformCompatibility/Scripts/Editor/AssistantCoreSDKEditor.asmdef)
Assembly with name 'AssistantCoreSDKEditor' already exists (Assets/Oculus/Voice/Lib/PlatformCompatibility/Scripts/Editor/AssistantCoreSDKEditor.asmdef)
Assembly with name 'Oculus.Voice.Demo' already exists (Assets/Oculus Stuff/Oculus/Voice/Demo/Scripts/Oculus.Voice.Demo.asmdef)
Assembly with name 'Oculus.Voice.Demo' already exists (Assets/Oculus/Voice/Demo/Scripts/Oculus.Voice.Demo.asmdef)
Assembly with name 'Oculus.AudioManager' already exists (Assets/Oculus Stuff/Oculus/AudioManager/Oculus.AudioManager.asmdef)
Assembly with name 'Oculus.AudioManager' already exists (Assets/Oculus/AudioManager/Oculus.AudioManager.asmdef)
Assembly with name 'Oculus.Interaction' already exists (Assets/Oculus Stuff/Oculus/Interaction/Runtime/Oculus.Interaction.asmdef)
Assembly with name 'Oculus.Interaction' already exists (Assets/Oculus/Interaction/Runtime/Oculus.Interaction.asmdef)
Assembly with name 'AssistantCoreSDKRuntime' already exists (Assets/Oculus Stuff/Oculus/Voice/Lib/PlatformCompatibility/Scripts/Runtime/AssistantCoreSDKRuntime.asmdef)
Assembly with name 'AssistantCoreSDKRuntime' already exists (Assets/Oculus/Voice/Lib/PlatformCompatibility/Scripts/Runtime/AssistantCoreSDKRuntime.asmdef)
Assembly with name 'Facebook.Wit.Conduit' already exists (Assets/Oculus Stuff/Oculus/Voice/Lib/Wit.ai/Lib/Conduit/Runtime/Facebook.Wit.Conduit.asmdef)
Assembly with name 'Facebook.Wit.Conduit' already exists (Assets/Oculus/Voice/Lib/Wit.ai/Lib/Conduit/Runtime/Facebook.Wit.Conduit.asmdef)
Assembly with name 'LitJson' already exists (Assets/Oculus Stuff/Oculus/Voice/Lib/Wit.ai/Lib/LitJson/Runtime/Facebook.Wit.LitJson.asmdef)
Assembly with name 'LitJson' already exists (Assets/Oculus/Voice/Lib/Wit.ai/Lib/LitJson/Runtime/Facebook.Wit.LitJson.asmdef)
Assembly with name 'Oculus.AudioManager.Utils.Editor' already exists (Assets/Oculus Stuff/Oculus/AudioManager/Scripts/Utils/Editor/Oculus.AudioManager.Utils.Editor.asmdef)
Assembly with name 'Oculus.AudioManager.Utils.Editor' already exists (Assets/Oculus/AudioManager/Scripts/Utils/Editor/Oculus.AudioManager.Utils.Editor.asmdef)
Assembly with name 'Facebook.WitAI' already exists (Assets/Oculus Stuff/Oculus/Voice/Lib/Wit.ai/Scripts/Runtime/Facebook.Wit.asmdef)
Assembly with name 'Facebook.WitAI' already exists (Assets/Oculus/Voice/Lib/Wit.ai/Scripts/Runtime/Facebook.Wit.asmdef)
Assembly with name 'Facebook.Wit.Dictation.Editor' already exists (Assets/Oculus Stuff/Oculus/Voice/Lib/Wit.ai/Features/Dictation/Scripts/Editor/Facebook.Wit.Dictation.Editor.asmdef)
Assembly with name 'Facebook.Wit.Dictation.Editor' already exists (Assets/Oculus/Voice/Lib/Wit.ai/Features/Dictation/Scripts/Editor/Facebook.Wit.Dictation.Editor.asmdef)
Assembly with name 'Facebook.Wit.Dictation' already exists (Assets/Oculus Stuff/Oculus/Voice/Lib/Wit.ai/Features/Dictation/Scripts/Runtime/Dictation/Facebook.Wit.Dictation.asmdef)
Assembly with name 'Facebook.Wit.Dictation' already exists (Assets/Oculus/Voice/Lib/Wit.ai/Features/Dictation/Scripts/Runtime/Dictation/Facebook.Wit.Dictation.asmdef)
Assembly with name 'Oculus.VR' already exists (Assets/Oculus Stuff/Oculus/VR/Oculus.VR.asmdef)
Assembly with name 'Oculus.VR' already exists (Assets/Oculus/VR/Oculus.VR.asmdef)
Assembly with name 'Oculus.AudioManager.Audio.Editor' already exists (Assets/Oculus Stuff/Oculus/AudioManager/Scripts/Audio/Editor/Oculus.AudioManager.Audio.Editor.asmdef)
Assembly with name 'Oculus.AudioManager.Audio.Editor' already exists (Assets/Oculus/AudioManager/Scripts/Audio/Editor/Oculus.AudioManager.Audio.Editor.asmdef)
Assembly with name 'Oculus.Spatializer.Editor' already exists (Assets/Oculus Stuff/Oculus/Spatializer/editor/Oculus.Spatializer.Editor.asmdef)
Assembly with name 'Oculus.Spatializer.Editor' already exists (Assets/Oculus/Spatializer/editor/Oculus.Spatializer.Editor.asmdef)
Assembly with name 'Facebook.Wit.TTS' already exists (Assets/Oculus Stuff/Oculus/Voice/Lib/Wit.ai/Features/TTS/Scripts/Runtime/Facebook.Wit.TTS.asmdef)
Assembly with name 'Facebook.Wit.TTS' already exists (Assets/Oculus/Voice/Lib/Wit.ai/Features/TTS/Scripts/Runtime/Facebook.Wit.TTS.asmdef)
Assembly with name 'Facebook.Wit.TTS.Editor' already exists (Assets/Oculus Stuff/Oculus/Voice/Lib/Wit.ai/Features/TTS/Scripts/Editor/Facebook.Wit.TTS.Editor.asmdef)
Assembly with name 'Facebook.Wit.TTS.Editor' already exists (Assets/Oculus/Voice/Lib/Wit.ai/Features/TTS/Scripts/Editor/Facebook.Wit.TTS.Editor.asmdef)
Assembly with name 'Oculus.Interaction.Samples' already exists (Assets/Oculus Stuff/Oculus/Interaction/Samples/Oculus.Interaction.Samples.asmdef)
Assembly with name 'Oculus.Interaction.Samples' already exists (Assets/Oculus/Interaction/Samples/Oculus.Interaction.Samples.asmdef)
Assembly with name 'Oculus.VR.Editor' already exists (Assets/Oculus Stuff/Oculus/VR/Editor/Oculus.VR.Editor.asmdef)
Assembly with name 'Oculus.VR.Editor' already exists (Assets/Oculus/VR/Editor/Oculus.VR.Editor.asmdef)
Assembly with name 'Oculus.Interaction.Samples.Editor' already exists (Assets/Oculus Stuff/Oculus/Interaction/Samples/Scripts/HandGrabRecord/Editor/Oculus.Interaction.Samples.Editor.asmdef)
Assembly with name 'Oculus.Interaction.Samples.Editor' already exists (Assets/Oculus/Interaction/Samples/Scripts/HandGrabRecord/Editor/Oculus.Interaction.Samples.Editor.asmdef)
Assembly with name 'Oculus.Interaction.Editor' already exists (Assets/Oculus Stuff/Oculus/Interaction/Editor/Oculus.Interaction.Editor.asmdef)
Assembly with name 'Oculus.Interaction.Editor' already exists (Assets/Oculus/Interaction/Editor/Oculus.Interaction.Editor.asmdef)
Assembly with name 'Oculus.VR.Scripts.Editor' already exists (Assets/Oculus Stuff/Oculus/VR/Scripts/Editor/Oculus.VR.Scripts.Editor.asmdef)
Assembly with name 'Oculus.VR.Scripts.Editor' already exists (Assets/Oculus/VR/Scripts/Editor/Oculus.VR.Scripts.Editor.asmdef)
Assembly with name 'Oculus.Spatializer' already exists (Assets/Oculus Stuff/Oculus/Spatializer/Oculus.Spatializer.asmdef)
Assembly with name 'Oculus.Spatializer' already exists (Assets/Oculus/Spatializer/Oculus.Spatializer.asmdef)
Assembly with name 'Oculus.Platform.Editor' already exists (Assets/Oculus Stuff/Oculus/Platform/Editor/Oculus.Platform.Editor.asmdef)
Assembly with name 'Oculus.Platform.Editor' already exists (Assets/Oculus/Platform/Editor/Oculus.Platform.Editor.asmdef)
Assembly with name 'Facebook.Wit.Conduit.Editor' already exists (Assets/Oculus Stuff/Oculus/Voice/Lib/Wit.ai/Lib/Conduit/Editor/Facebook.Wit.Conduit.Editor.asmdef)
Assembly with name 'Facebook.Wit.Conduit.Editor' already exists (Assets/Oculus/Voice/Lib/Wit.ai/Lib/Conduit/Editor/Facebook.Wit.Conduit.Editor.asmdef)
Assembly with name 'VoiceSDK.Editor' already exists (Assets/Oculus Stuff/Oculus/Voice/Scripts/Editor/VoiceSDK.Editor.asmdef)
Assembly with name 'VoiceSDK.Editor' already exists (Assets/Oculus/Voice/Scripts/Editor/VoiceSDK.Editor.asmdef)
Assembly with name 'Oculus.Interaction.InterfaceSupport' already exists (Assets/Oculus Stuff/Oculus/Interaction/Runtime/ThirdParty/InterfaceSupport/Editor/Oculus.Interaction.InterfaceSupport.asmdef)
Assembly with name 'Oculus.Interaction.InterfaceSupport' already exists (Assets/Oculus/Interaction/Runtime/ThirdParty/InterfaceSupport/Editor/Oculus.Interaction.InterfaceSupport.asmdef)
Assembly with name 'Facebook.Wit.Editor' already exists (Assets/Oculus Stuff/Oculus/Voice/Lib/Wit.ai/Scripts/Editor/Facebook.Wit.Editor.asmdef)
Assembly with name 'Facebook.Wit.Editor' already exists (Assets/Oculus/Voice/Lib/Wit.ai/Scripts/Editor/Facebook.Wit.Editor.asmdef)
Assembly with name 'VoiceSDK.Dictation.Editor' already exists (Assets/Oculus Stuff/Oculus/Voice/Features/Dictation/Scripts/Editor/VoiceSDK.Dictation.Editor.asmdef)
Assembly with name 'VoiceSDK.Dictation.Editor' already exists (Assets/Oculus/Voice/Features/Dictation/Scripts/Editor/VoiceSDK.Dictation.Editor.asmdef)
Assembly with name 'VoiceSDK.Dictation.Runtime' already exists (Assets/Oculus Stuff/Oculus/Voice/Features/Dictation/Scripts/Runtime/VoiceSDK.Dictation.Runtime.asmdef)
Assembly with name 'VoiceSDK.Dictation.Runtime' already exists (Assets/Oculus/Voice/Features/Dictation/Scripts/Runtime/VoiceSDK.Dictation.Runtime.asmdef)
Assembly with name 'Oculus.LipSync.Editor' already exists (Assets/Oculus Stuff/Oculus/LipSync/Editor/Oculus.LipSync.Editor.asmdef)
Assembly with name 'Oculus.LipSync.Editor' already exists (Assets/Oculus/LipSync/Editor/Oculus.LipSync.Editor.asmdef)
Assembly with name 'Facebook.Wit.TTS.Samples' already exists (Assets/Oculus Stuff/Oculus/Voice/Lib/Wit.ai/Features/TTS/Samples/Facebook.Wit.TTS.Samples.asmdef)
Assembly with name 'Facebook.Wit.TTS.Samples' already exists (Assets/Oculus/Voice/Lib/Wit.ai/Features/TTS/Samples/Facebook.Wit.TTS.Samples.asmdef)
Assembly with name 'Oculus.Platform' already exists (Assets/Oculus Stuff/Oculus/Platform/Oculus.Platform.asmdef)
Assembly with name 'Oculus.Platform' already exists (Assets/Oculus/Platform/Oculus.Platform.asmdef)
Assembly with name 'Oculus.LipSync' already exists (Assets/Oculus Stuff/Oculus/LipSync/Oculus.LipSync.asmdef)
Assembly with name 'Oculus.LipSync' already exists (Assets/Oculus/LipSync/Oculus.LipSync.asmdef)
Assembly with name 'VoiceSDK.Runtime' already exists (Assets/Oculus Stuff/Oculus/Voice/Scripts/Runtime/VoiceSDK.Runtime.asmdef)
Assembly with name 'VoiceSDK.Runtime' already exists (Assets/Oculus/Voice/Scripts/Runtime/VoiceSDK.Runtime.asmdef)
ArgumentException: An item with the same key has already been added. Key: 00000000000000000000000000000000
  at System.Collections.Generic.Dictionary`2[TKey,TValue].TryInsert (TKey key, TValue value, System.Collections.Generic.InsertionBehavior behavior) [0x0015a] in <03bd9b261dff4c2b8b568aca27f561b2>:0 
  at System.Collections.Generic.Dictionary`2[TKey,TValue].Add (TKey key, TValue value) [0x00000] in <03bd9b261dff4c2b8b568aca27f561b2>:0 
  at System.Linq.Enumerable.ToDictionary[TSource,TKey] (TSource[] source, System.Func`2[T,TResult] keySelector, System.Collections.Generic.IEqualityComparer`1[T] comparer) [0x0001c] in <4d1f27d5adf942acb04444fee22824ee>:0 
  at System.Linq.Enumerable.ToDictionary[TSource,TKey] (System.Collections.Generic.IEnumerable`1[T] source, System.Func`2[T,TResult] keySelector, System.Collections.Generic.IEqualityComparer`1[T] comparer) [0x00043] in <4d1f27d5adf942acb04444fee22824ee>:0 
  at System.Linq.Enumerable.ToDictionary[TSource,TKey] (System.Collections.Generic.IEnumerable`1[T] source, System.Func`2[T,TResult] keySelector) [0x00000] in <4d1f27d5adf942acb04444fee22824ee>:0 
  at UnityEditor.Scripting.ScriptCompilation.LoadingAssemblyDefinition.SetAllCustomScriptAssemblyReferenceJsonsContents (System.String[] paths, System.String[] contents) [0x00172] in <7fef092428a04dc89d2aa6ad3ce5d856>:0 
UnityEngine.DebugLogHandler:Internal_LogException(Exception, Object)
UnityEngine.DebugLogHandler:LogException(Exception, Object)
UnityEngine.Logger:LogException(Exception, Object)
UnityEngine.Debug:LogException(Exception)
UnityEditor.Scripting.ScriptCompilation.EditorCompilationInterface:LogException(Exception)
UnityEditor.Scripting.ScriptCompilation.EditorCompilationInterface:EmitExceptionsAsErrors(Exception[])
UnityEditor.Scripting.ScriptCompilation.EditorCompilationInterface:SetAllCustomScriptAssemblyReferenceJsons(String[], String[])

ArgumentException: An item with the same key has already been added. Key: 00000000000000000000000000000000
  at System.Collections.Generic.Dictionary`2[TKey,TValue].TryInsert (TKey key, TValue value, System.Collections.Generic.InsertionBehavior behavior) [0x0015a] in <03bd9b261dff4c2b8b568aca27f561b2>:0 
  at System.Collections.Generic.Dictionary`2[TKey,TValue].Add (TKey key, TValue value) [0x00000] in <03bd9b261dff4c2b8b568aca27f561b2>:0 
  at System.Linq.Enumerable.ToDictionary[TSource,TKey] (TSource[] source, System.Func`2[T,TResult] keySelector, System.Collections.Generic.IEqualityComparer`1[T] comparer) [0x0001c] in <4d1f27d5adf942acb04444fee22824ee>:0 
  at System.Linq.Enumerable.ToDictionary[TSource,TKey] (System.Collections.Generic.IEnumerable`1[T] source, System.Func`2[T,TResult] keySelector, System.Collections.Generic.IEqualityComparer`1[T] comparer) [0x00043] in <4d1f27d5adf942acb04444fee22824ee>:0 
  at System.Linq.Enumerable.ToDictionary[TSource,TKey] (System.Collections.Generic.IEnumerable`1[T] source, System.Func`2[T,TResult] keySelector) [0x00000] in <4d1f27d5adf942acb04444fee22824ee>:0 
  at UnityEditor.Scripting.ScriptCompilation.LoadingAssemblyDefinition.SetAllCustomScriptAssemblyReferenceJsonsContents (System.String[] paths, System.String[] contents) [0x00172] in <7fef092428a04dc89d2aa6ad3ce5d856>:0 
UnityEngine.DebugLogHandler:Internal_LogException(Exception, Object)
UnityEngine.DebugLogHandler:LogException(Exception, Object)
UnityEngine.Logger:LogException(Exception, Object)
UnityEngine.Debug:LogException(Exception)
UnityEditor.Scripting.ScriptCompilation.EditorCompilationInterface:LogException(Exception)
UnityEditor.Scripting.ScriptCompilation.EditorCompilationInterface:EmitExceptionsAsErrors(Exception[])
UnityEditor.Scripting.ScriptCompilation.EditorCompilationInterface:SetAllCustomScriptAssemblyReferenceJsons(String[], String[])

System.Reflection.TargetInvocationException: Exception has been thrown by the target of an invocation. ---> System.NullReferenceException: Object reference not set to an instance of an object
  at Unity.XR.Oculus.OculusLoader.AssetPathToAbsolutePath (System.String assetPath) [0x0003d] in D:\GitHub Projects\VR-Bioprinting-Research-Project\VR-Bioprinting-Research-Project\Library\PackageCache\com.unity.xr.oculus@3.2.2\Runtime\OculusLoader.cs:296 
  at Unity.XR.Oculus.OculusLoader.EditorLoadOVRPlugin () [0x0007b] in D:\GitHub Projects\VR-Bioprinting-Research-Project\VR-Bioprinting-Research-Project\Library\PackageCache\com.unity.xr.oculus@3.2.2\Runtime\OculusLoader.cs:281 
  at (wrapper managed-to-native) System.Reflection.RuntimeMethodInfo.InternalInvoke(System.Reflection.RuntimeMethodInfo,object,object[],System.Exception&)
  at System.Reflection.RuntimeMethodInfo.Invoke (System.Object obj, System.Reflection.BindingFlags invokeAttr, System.Reflection.Binder binder, System.Object[] parameters, System.Globalization.CultureInfo culture) [0x0006a] in <03bd9b261dff4c2b8b568aca27f561b2>:0 
   --- End of inner exception stack trace ---
  at System.Reflection.RuntimeMethodInfo.Invoke (System.Object obj, System.Reflection.BindingFlags invokeAttr, System.Reflection.Binder binder, System.Object[] parameters, System.Globalization.CultureInfo culture) [0x00083] in <03bd9b261dff4c2b8b568aca27f561b2>:0 
  at System.Reflection.MethodBase.Invoke (System.Object obj, System.Object[] parameters) [0x00000] in <03bd9b261dff4c2b8b568aca27f561b2>:0 
  at UnityEditor.EditorAssemblies.ProcessInitializeOnLoadMethodAttributes () [0x000a5] in <7fef092428a04dc89d2aa6ad3ce5d856>:0 
UnityEngine.StackTraceUtility:ExtractStackTrace ()
UnityEngine.DebugLogHandler:LogFormat (UnityEngine.LogType,UnityEngine.Object,string,object[])
UnityEngine.Logger:Log (UnityEngine.LogType,object)
UnityEngine.Debug:LogError (object)
UnityEditor.EditorAssemblies:ProcessInitializeOnLoadMethodAttributes ()

Mono: successfully reloaded assembly
- Completed reload, in  2.026 seconds
Domain Reload Profiling:
	ReloadAssembly (2027ms)
		BeginReloadAssembly (196ms)
			ExecutionOrderSort (0ms)
			DisableScriptedObjects (11ms)
			BackupInstance (0ms)
			ReleaseScriptingObjects (0ms)
			CreateAndSetChildDomain (66ms)
		EndReloadAssembly (1718ms)
			LoadAssemblies (135ms)
			RebuildTransferFunctionScriptingTraits (0ms)
			SetupTypeCache (404ms)
			ReleaseScriptCaches (2ms)
			RebuildScriptCaches (56ms)
			SetupLoadedEditorAssemblies (811ms)
				LogAssemblyErrors (0ms)
				InitializePlatformSupportModulesInManaged (85ms)
				SetLoadedEditorAssemblies (2ms)
				RefreshPlugins (21ms)
				BeforeProcessingInitializeOnLoad (220ms)
				ProcessInitializeOnLoadAttributes (369ms)
				ProcessInitializeOnLoadMethodAttributes (107ms)
				AfterProcessingInitializeOnLoad (7ms)
				EditorAssembliesLoaded (0ms)
			ExecutionOrderSort2 (0ms)
			AwakeInstancesAfterBackupRestoration (30ms)
Platform modules already initialized, skipping
Shader 'Oculus/OVRMRCameraFrameLit': fallback shader 'Alpha-Diffuse' not found
Refreshing native plugins compatible for Editor in 7.29 ms, found 14 plugins.
Preloading 1 native plugins for Editor in 0.07 ms.
Unloading 6796 Unused Serialized files (Serialized files now loaded: 0)
Unloading 79 unused Assets / (1.1 MB). Loaded Objects now: 7525.
Memory consumption went from 292.3 MB to 291.2 MB.
Total: 7.400300 ms (FindLiveObjects: 0.968500 ms CreateObjectMapping: 0.957300 ms MarkObjects: 4.904500 ms  DeleteObjects: 0.568300 ms)

AssetImportParameters requested are different than current active one (requested -> active):
  custom:video-decoder-ogg-theora: a1e56fd34408186e4bbccfd4996cb3dc -> 
  custom:container-muxer-webm: aa71ff27fc2769a1b78a27578f13a17b -> 
  custom:container-demuxer-webm: 4f35f7cbe854078d1ac9338744f61a02 -> 
  custom:video-encoder-webm-vp8: eb34c28f22e8b96e1ab97ce403110664 -> 
  custom:video-codec-MediaFoundation-h265: 746d11721c4dcdbdad8f713fa42b33f4 -> 
  custom:audio-encoder-webm-vorbis: bf7c407c2cedff20999df2af8eb42d56 -> 
  custom:framework-win-MediaFoundation: 216162199b28c13a410421893ffa2e32 -> 
  custom:container-demuxer-ogg: 62fdf1f143b41e24485cea50d1cbac27 -> 
  custom:video-decoder-webm-vp8: 9c59270c3fd7afecdb556c50c9e8de78 -> 
  custom:audio-decoder-ogg-vorbis: bf7c407c2cedff20999df2af8eb42d56 -> 
========================================================================
Received Import Request.
  Time since last request: 146.439587 seconds.
  path: Assets/Material/Terrain/terrain_material.png
  artifactKey: Guid(4436dd67a96f82b43ab572252995a135) Importer(815301076,1909f56bfc062723c751e8b465ee728b)
Start importing Assets/Material/Terrain/terrain_material.png using Guid(4436dd67a96f82b43ab572252995a135) Importer(815301076,1909f56bfc062723c751e8b465ee728b)  -> (artifact id: 'ccbf588da36dc8af041ffe12241f8cf8') in 0.150631 seconds 
